#
# An unexpected error has been detected by Java Runtime Environment:
#
#  EXCEPTION_ILLEGAL_INSTRUCTION (0xc000001d) at pc=0x16710bff, pid=3824, tid=2996
#
# Java VM: Java HotSpot(TM) Client VM (11.2-b01 mixed mode windows-x86)
# Problematic frame:
# C  0x16710bff
#
# If you would like to submit a bug report, please visit:
#   http://java.sun.com/webapps/bugreport/crash.jsp
# The crash happened outside the Java Virtual Machine in native code.
# See problematic frame for where to report the bug.
#

---------------  T H R E A D  ---------------

Current thread (0x00847c00):  JavaThread "main" [_thread_in_native, id=2996, stack(0x008d0000,0x00920000)]

siginfo: ExceptionCode=0xc000001d

Registers:
EAX=0x18189701, EBX=0x14e24c28, ECX=0x18189740, EDX=0x00000000
ESP=0x0091f100, EBP=0x0091f1b0, ESI=0x18376d60, EDI=0x148a4380
EIP=0x16710bff, EFLAGS=0x00250202

Top of Stack: (sp=0x0091f100)
0x0091f100:   143e88c0 14276508 00000000 00000000
0x0091f110:   0091f16c 00000008 0091f140 00000001
0x0091f120:   00000000 00000000 00000000 00000000
0x0091f130:   16710b4e 143e88c0 00000001 0091f140
0x0091f140:   14e24c28 18376d60 0bded8b8 00125b30
0x0091f150:   14e24c28 144b7f60 148a4380 18376d60
0x0091f160:   14e24c28 18376d60 14e24c28 143e8840
0x0091f170:   1431fb20 00000000 00000000 0091f210 

Instructions: (pc=0x16710bff)
0x16710bef:   ff ff ff ff ff ff ff ff ff ff ff ff ff ff ff ff
0x16710bff:   ff ff ff ff ff ff ff ff ff ff ff ff ff ff ff ff 


Stack: [0x008d0000,0x00920000],  sp=0x0091f100,  free space=316k
Native frames: (J=compiled Java code, j=interpreted, Vv=VM code, C=native code)
C  0x16710bff
C  0x16e4030a
C  0x16ef39bc
C  0x16e9fa6d
C  [FlDbg10b.ocx+0x20faf2]
C  [FlDbg10b.ocx+0x209615]
C  0x16641a98
C  0x16e9e722
C  [FlDbg10b.ocx+0x20faf2]
C  [FlDbg10b.ocx+0x180cb3]

Java frames: (J=compiled Java code, j=interpreted, Vv=VM code)
j  org.eclipse.swt.internal.win32.OS.DispatchMessageW(Lorg/eclipse/swt/internal/win32/MSG;)I+0
j  org.eclipse.swt.internal.win32.OS.DispatchMessage(Lorg/eclipse/swt/internal/win32/MSG;)I+7
j  org.eclipse.swt.widgets.Display.readAndDispatch()Z+54
j  com.f14.F14bgClient.F14bgClient.run()V+14
j  com.f14.F14bgClient.F14bgClient.main([Ljava/lang/String;)V+5
v  ~StubRoutines::call_stub

---------------  P R O C E S S  ---------------

Java Threads: ( => current thread )
  0x0b1bd400 JavaThread "Thread-2" [_thread_in_native, id=2536, stack(0x123f0000,0x12440000)]
  0x0b18c400 JavaThread "Thread-1" [_thread_blocked, id=3504, stack(0x123a0000,0x123f0000)]
  0x0ab23800 JavaThread "Low Memory Detector" daemon [_thread_blocked, id=4404, stack(0x0aef0000,0x0af40000)]
  0x0ab20400 JavaThread "CompilerThread0" daemon [_thread_blocked, id=3468, stack(0x0aea0000,0x0aef0000)]
  0x0ab14000 JavaThread "JDWP Command Reader" daemon [_thread_in_native, id=4132, stack(0x0ae50000,0x0aea0000)]
  0x0ab12400 JavaThread "JDWP Event Helper Thread" daemon [_thread_blocked, id=3844, stack(0x0ae00000,0x0ae50000)]
  0x0ab10000 JavaThread "JDWP Transport Listener: dt_socket" daemon [_thread_blocked, id=2124, stack(0x0adb0000,0x0ae00000)]
  0x0ab04400 JavaThread "Attach Listener" daemon [_thread_blocked, id=4716, stack(0x0acb0000,0x0ad00000)]
  0x0ab4cc00 JavaThread "Signal Dispatcher" daemon [_thread_blocked, id=5776, stack(0x0ac60000,0x0acb0000)]
  0x0aaed400 JavaThread "Finalizer" daemon [_thread_blocked, id=3668, stack(0x0ac10000,0x0ac60000)]
  0x0aae8800 JavaThread "Reference Handler" daemon [_thread_blocked, id=4676, stack(0x0abc0000,0x0ac10000)]
=>0x00847c00 JavaThread "main" [_thread_in_native, id=2996, stack(0x008d0000,0x00920000)]

Other Threads:
  0x0aae5000 VMThread [stack: 0x0ab70000,0x0abc0000] [id=5604]
  0x0ab3f400 WatcherThread [stack: 0x0af40000,0x0af90000] [id=3892]

VM state:not at safepoint (normal execution)

VM Mutex/Monitor currently owned by a thread: None

Heap
 def new generation   total 14784K, used 1836K [0x029d0000, 0x039d0000, 0x039d0000)
  eden space 13184K,   8% used [0x029d0000, 0x02aece00, 0x036b0000)
  from space 1600K,  43% used [0x03840000, 0x038ee3c0, 0x039d0000)
  to   space 1600K,   0% used [0x036b0000, 0x036b0000, 0x03840000)
 tenured generation   total 49152K, used 0K [0x039d0000, 0x069d0000, 0x069d0000)
   the space 49152K,   0% used [0x039d0000, 0x039d0000, 0x039d0200, 0x069d0000)
 compacting perm gen  total 12288K, used 6615K [0x069d0000, 0x075d0000, 0x0a9d0000)
   the space 12288K,  53% used [0x069d0000, 0x07045f30, 0x07046000, 0x075d0000)
No shared spaces configured.

Dynamic libraries:
0x00400000 - 0x00424000 	C:\Program Files\Java\jdk1.6.0_12\bin\javaw.exe
0x7c920000 - 0x7c9b4000 	C:\WINDOWS\system32\ntdll.dll
0x7c800000 - 0x7c91d000 	C:\WINDOWS\system32\kernel32.dll
0x77da0000 - 0x77e49000 	C:\WINDOWS\system32\ADVAPI32.dll
0x77e50000 - 0x77ee2000 	C:\WINDOWS\system32\RPCRT4.dll
0x77fc0000 - 0x77fd1000 	C:\WINDOWS\system32\Secur32.dll
0x77d10000 - 0x77d9f000 	C:\WINDOWS\system32\USER32.dll
0x77ef0000 - 0x77f38000 	C:\WINDOWS\system32\GDI32.dll
0x76300000 - 0x7631d000 	C:\WINDOWS\system32\IMM32.DLL
0x62c20000 - 0x62c29000 	C:\WINDOWS\system32\LPK.DLL
0x73fa0000 - 0x7400b000 	C:\WINDOWS\system32\USP10.dll
0x77be0000 - 0x77c38000 	C:\WINDOWS\system32\msvcrt.dll
0x7c340000 - 0x7c396000 	C:\Program Files\Java\jdk1.6.0_12\jre\bin\msvcr71.dll
0x6d8b0000 - 0x6db06000 	C:\Program Files\Java\jdk1.6.0_12\jre\bin\client\jvm.dll
0x76b10000 - 0x76b3a000 	C:\WINDOWS\system32\WINMM.dll
0x6d340000 - 0x6d348000 	C:\Program Files\Java\jdk1.6.0_12\jre\bin\hpi.dll
0x76bc0000 - 0x76bcb000 	C:\WINDOWS\system32\PSAPI.DLL
0x6d430000 - 0x6d459000 	C:\Program Files\Java\jdk1.6.0_12\jre\bin\jdwp.dll
0x6d750000 - 0x6d756000 	C:\Program Files\Java\jdk1.6.0_12\jre\bin\npt.dll
0x6d860000 - 0x6d86c000 	C:\Program Files\Java\jdk1.6.0_12\jre\bin\verify.dll
0x6d3e0000 - 0x6d3ff000 	C:\Program Files\Java\jdk1.6.0_12\jre\bin\java.dll
0x6d8a0000 - 0x6d8af000 	C:\Program Files\Java\jdk1.6.0_12\jre\bin\zip.dll
0x6d2b0000 - 0x6d2b7000 	C:\Program Files\Java\jdk1.6.0_12\jre\bin\dt_socket.dll
0x71a20000 - 0x71a37000 	C:\WINDOWS\system32\WS2_32.dll
0x71a10000 - 0x71a18000 	C:\WINDOWS\system32\WS2HELP.dll
0x719c0000 - 0x719fe000 	C:\WINDOWS\System32\mswsock.dll
0x76ef0000 - 0x76f17000 	C:\WINDOWS\system32\DNSAPI.dll
0x76f80000 - 0x76f88000 	C:\WINDOWS\System32\winrnr.dll
0x76f30000 - 0x76f5c000 	C:\WINDOWS\system32\WLDAP32.dll
0x16080000 - 0x16099000 	C:\Program Files\Bonjour\mdnsNSP.dll
0x76d30000 - 0x76d48000 	C:\WINDOWS\system32\Iphlpapi.dll
0x76f90000 - 0x76f96000 	C:\WINDOWS\system32\rasadhlp.dll
0x60fd0000 - 0x61025000 	C:\WINDOWS\system32\hnetcfg.dll
0x71a00000 - 0x71a08000 	C:\WINDOWS\System32\wshtcpip.dll
0x10000000 - 0x10055000 	C:\Documents and Settings\liupeng\Local Settings\Temp\swt-win32-3449.dll
0x76990000 - 0x76acd000 	C:\WINDOWS\system32\ole32.dll
0x770f0000 - 0x7717b000 	C:\WINDOWS\system32\OLEAUT32.dll
0x76320000 - 0x76367000 	C:\WINDOWS\system32\comdlg32.dll
0x77f40000 - 0x77fb6000 	C:\WINDOWS\system32\SHLWAPI.dll
0x77180000 - 0x77283000 	C:\WINDOWS\WinSxS\x86_Microsoft.Windows.Common-Controls_6595b64144ccf1df_6.0.2600.2982_x-ww_ac3f9c03\COMCTL32.dll
0x7d590000 - 0x7dd83000 	C:\WINDOWS\system32\SHELL32.dll
0x76680000 - 0x76722000 	C:\WINDOWS\system32\WININET.dll
0x765e0000 - 0x76673000 	C:\WINDOWS\system32\CRYPT32.dll
0x76db0000 - 0x76dc2000 	C:\WINDOWS\system32\MSASN1.dll
0x5ad70000 - 0x5ada8000 	C:\WINDOWS\system32\uxtheme.dll
0x0b780000 - 0x0b7e0000 	D:\SafeTools\360safe\safemon\safemon.dll
0x77bd0000 - 0x77bd8000 	C:\WINDOWS\system32\VERSION.dll
0x762f0000 - 0x762f5000 	C:\WINDOWS\system32\MSIMG32.dll
0x75ff0000 - 0x76055000 	C:\WINDOWS\system32\MSVCP60.dll
0x75c60000 - 0x75cff000 	C:\WINDOWS\system32\urlmon.dll
0x74680000 - 0x746cb000 	C:\WINDOWS\system32\MSCTF.dll
0x76d70000 - 0x76d92000 	C:\WINDOWS\system32\apphelp.dll
0x73640000 - 0x7366e000 	C:\WINDOWS\system32\msctfime.ime
0x0b840000 - 0x0b854000 	C:\Documents and Settings\liupeng\Local Settings\Temp\swt-gdip-win32-3449.dll
0x4ae90000 - 0x4b03b000 	C:\WINDOWS\WinSxS\x86_Microsoft.Windows.GdiPlus_6595b64144ccf1df_1.0.6001.22319_x-ww_f0b4c2df\gdiplus.dll
0x76fa0000 - 0x7701f000 	C:\WINDOWS\system32\CLBCATQ.DLL
0x77020000 - 0x770ba000 	C:\WINDOWS\system32\COMRes.dll
0x0bc70000 - 0x0c1c2000 	C:\WINDOWS\system32\Macromed\Flash\FlDbg10b.ocx
0x73aa0000 - 0x73ab5000 	C:\WINDOWS\system32\mscms.dll
0x72f70000 - 0x72f96000 	C:\WINDOWS\system32\WINSPOOL.DRV
0x76c00000 - 0x76c2e000 	C:\WINDOWS\system32\WINTRUST.dll
0x76c60000 - 0x76c88000 	C:\WINDOWS\system32\IMAGEHLP.dll
0x72c90000 - 0x72c99000 	C:\WINDOWS\system32\wdmaud.drv
0x72c80000 - 0x72c88000 	C:\WINDOWS\system32\msacm32.drv
0x77bb0000 - 0x77bc5000 	C:\WINDOWS\system32\MSACM32.dll
0x77ba0000 - 0x77ba7000 	C:\WINDOWS\system32\midimap.dll
0x759d0000 - 0x75a7e000 	C:\WINDOWS\system32\USERENV.dll
0x75e00000 - 0x75eae000 	C:\WINDOWS\system32\SXS.DLL
0x74cf0000 - 0x74d81000 	C:\WINDOWS\system32\mlang.dll
0x767c0000 - 0x767e7000 	C:\WINDOWS\system32\schannel.dll
0x5fdd0000 - 0x5fe24000 	C:\WINDOWS\system32\NETAPI32.dll
0x71a40000 - 0x71a4b000 	C:\WINDOWS\system32\wsock32.dll
0x76eb0000 - 0x76eec000 	C:\WINDOWS\system32\RASAPI32.DLL
0x76e60000 - 0x76e72000 	C:\WINDOWS\system32\rasman.dll
0x76e80000 - 0x76eaf000 	C:\WINDOWS\system32\TAPI32.dll
0x76e50000 - 0x76e5e000 	C:\WINDOWS\system32\rtutils.dll
0x77c40000 - 0x77c64000 	C:\WINDOWS\system32\msv1_0.dll
0x72240000 - 0x72245000 	C:\WINDOWS\system32\sensapi.dll
0x11e60000 - 0x11e88000 	C:\WINDOWS\system32\rsaenh.dll
0x6d6c0000 - 0x6d6d3000 	C:\Program Files\Java\jdk1.6.0_12\jre\bin\net.dll
0x11ee0000 - 0x11ef3000 	C:\WINDOWS\system32\hccutils.DLL

VM Arguments:
jvm_args: -agentlib:jdwp=transport=dt_socket,suspend=y,address=localhost:1616 -Xmn16m -Xms64m -Xmx64m -Dfile.encoding=UTF-8 
java_command: com.f14.F14bgClient.F14bgClient
Launcher Type: SUN_STANDARD

Environment Variables:
JAVA_HOME=C:\Program Files\Java\jdk1.6.0_12
CLASSPATH=.;C:\Program Files\Java\jdk1.6.0_12\lib;C:\Program Files\Java\jdk1.6.0_12\libdt.jar;C:\Program Files\Java\jdk1.6.0_12\lib\tools.jar
PATH=C:\Program Files\Java\jdk1.6.0_12\jre\bin;C:/Program Files/Java/jdk1.6.0_12/bin/../jre/bin/client;C:/Program Files/Java/jdk1.6.0_12/bin/../jre/bin;C:\Program Files\Java\jdk1.6.0_12\bin;D:\WORKTO~1\Serena\vm\win32\bin;D:\WORKTO~1\Serena\vm\common\bin\win32;D:\workTools\Perl\bin\;C:\Inprise\vbroker\bin;D:\WORKTO~1\Borland\CBUILD~1\Bin;D:\WORKTO~1\Borland\CBUILD~1\Projects\Bpl;C:\Program Files\Common Files\NetSarang;C:\WINDOWS\system32;C:\WINDOWS;C:\WINDOWS\System32\Wbem;D:\workTools\SecureCRT\;D:\workTools\UltraEdit-32;D:\workTools\OpenView\service desk 4.5\client\bin;D:\oracle\ora92\bin;C:\Program Files\Oracle\jre\1.3.1\bin;C:\Program Files\Oracle\jre\1.1.8\bin;D:\eclipse3.4\plugins\org.apache.ant_1.7.0.v200803061910\bin;C:\Program Files\Common Files\Thunder Network\KanKan\Codecs;C:\Program Files\CVSNT\;c:\boss30\zte
USERNAME=liupeng
OS=Windows_NT
PROCESSOR_IDENTIFIER=x86 Family 6 Model 15 Stepping 2, GenuineIntel



---------------  S Y S T E M  ---------------

OS: Windows XP Build 2600 Service Pack 2

CPU:total 2 (2 cores per cpu, 1 threads per core) family 6 model 15 stepping 2, cmov, cx8, fxsr, mmx, sse, sse2, sse3, ssse3

Memory: 4k page, physical 2087288k(272092k free), swap 3485340k(1690816k free)

vm_info: Java HotSpot(TM) Client VM (11.2-b01) for windows-x86 JRE (1.6.0_12-b04), built on Jan 17 2009 09:57:14 by "java_re" with MS VC++ 7.1

time: Fri Jun 11 17:41:08 2010
elapsed time: 49 seconds

